<html>
<head>
<title>TestNG:  TC_StudentLogin</title>
<link href="../testng.css" rel="stylesheet" type="text/css" />
<link href="../my-testng.css" rel="stylesheet" type="text/css" />

<style type="text/css">
.log { display: none;} 
.stack-trace { display: none;} 
</style>
<script type="text/javascript">
<!--
function flip(e) {
  current = e.style.display;
  if (current == 'block') {
    e.style.display = 'none';
    return 0;
  }
  else {
    e.style.display = 'block';
    return 1;
  }
}

function toggleBox(szDivId, elem, msg1, msg2)
{
  var res = -1;  if (document.getElementById) {
    res = flip(document.getElementById(szDivId));
  }
  else if (document.all) {
    // this is the way old msie versions work
    res = flip(document.all[szDivId]);
  }
  if(elem) {
    if(res == 0) elem.innerHTML = msg1; else elem.innerHTML = msg2;
  }

}

function toggleAllBoxes() {
  if (document.getElementsByTagName) {
    d = document.getElementsByTagName('div');
    for (i = 0; i < d.length; i++) {
      if (d[i].className == 'log') {
        flip(d[i]);
      }
    }
  }
}

// -->
</script>

</head>
<body>
<h2 align='center'>TC_StudentLogin</h2><table border='1' align="center">
<tr>
<td>Tests passed/Failed/Skipped:</td><td>13/0/1</td>
</tr><tr>
<td>Started on:</td><td>Tue Aug 06 13:38:35 IST 2024</td>
</tr>
<tr><td>Total time:</td><td>89 seconds (89456 ms)</td>
</tr><tr>
<td>Included groups:</td><td></td>
</tr><tr>
<td>Excluded groups:</td><td></td>
</tr>
</table><p/>
<small><i>(Hover the method name to see the test class name)</i></small><p/>
<table width='100%' border='1' class='invocation-passed'>
<tr><td colspan='4' align='center'><b>PASSED TESTS</b></td></tr>
<tr><td><b>Test method</b></td>
<td><b>Attribute(s)</b></td>
<td width="30%"><b>Exception</b></td>
<td width="10%"><b>Time (seconds)</b></td>
<td><b>Instance</b></td>
</tr>
<tr>
<td title='technosapeince.testcase.TestCase_Student_Login.TestCase_Student()'><b>TestCase_Student</b><br>Test class: technosapeince.testcase.TestCase_Student_Login<br>Parameters: {errorMessageType=loginpage.geterrormessage1(), password=studentpassword, email=, expectedMessage=Both Email and Password are required}</td>
<td></td>
<td>1</td>
<td>technosapeince.testcase.TestCase_Student_Login@644baf4a</td></tr>
<tr>
<td title='technosapeince.testcase.TestCase_Student_Login.TestCase_Student()'><b>TestCase_Student</b><br>Test class: technosapeince.testcase.TestCase_Student_Login<br>Parameters: {errorMessageType=loginpage.geterrormessage1(), password=, email=student@student.com, expectedMessage=Both Email and Password are required}</td>
<td></td>
<td>0</td>
<td>technosapeince.testcase.TestCase_Student_Login@644baf4a</td></tr>
<tr>
<td title='technosapeince.testcase.TestCase_Student_Login.TestCase_Student()'><b>TestCase_Student</b><br>Test class: technosapeince.testcase.TestCase_Student_Login<br>Parameters: {errorMessageType=loginpage.geterrormessage2(), password=studentpassword, email=studentstudent.com, expectedMessage=Please enter a valid Email address}</td>
<td></td>
<td>0</td>
<td>technosapeince.testcase.TestCase_Student_Login@644baf4a</td></tr>
<tr>
<td title='technosapeince.testcase.TestCase_Student_Login.TestCase_Student()'><b>TestCase_Student</b><br>Test class: technosapeince.testcase.TestCase_Student_Login<br>Parameters: {errorMessageType=loginpage.geterrormessage2(), password=studentpassword, email=student@studentcom, expectedMessage=Please enter a valid Email address}</td>
<td></td>
<td>0</td>
<td>technosapeince.testcase.TestCase_Student_Login@644baf4a</td></tr>
<tr>
<td title='technosapeince.testcase.TestCase_Student_Login.TestCase_Student()'><b>TestCase_Student</b><br>Test class: technosapeince.testcase.TestCase_Student_Login<br>Parameters: {errorMessageType=loginpage.geterrormessage(), password=studentpassword, email=educator@student.com, expectedMessage=Invalid credentials}</td>
<td></td>
<td>1</td>
<td>technosapeince.testcase.TestCase_Student_Login@644baf4a</td></tr>
<tr>
<td title='technosapeince.testcase.TestCase_Student_Login.TestCase_Student()'><b>TestCase_Student</b><br>Test class: technosapeince.testcase.TestCase_Student_Login<br>Parameters: {errorMessageType=loginpage.geterrormessage4(), password=studentpassword, email=STUDENT@STUDENT.COM, expectedMessage=Signin Success. Your free trial period has ended}</td>
<td></td>
<td>1</td>
<td>technosapeince.testcase.TestCase_Student_Login@644baf4a</td></tr>
<tr>
<td title='technosapeince.testcase.TestCase_Student_Login.TestCase_Student()'><b>TestCase_Student</b><br>Test class: technosapeince.testcase.TestCase_Student_Login<br>Parameters: {errorMessageType=loginpage.geterrormessage(), password=' OR '1'='1, email=student@student.com, expectedMessage=Invalid credentials}</td>
<td></td>
<td>1</td>
<td>technosapeince.testcase.TestCase_Student_Login@644baf4a</td></tr>
<tr>
<td title='technosapeince.testcase.TestCase_Student_Login.TestCase_Student()'><b>TestCase_Student</b><br>Test class: technosapeince.testcase.TestCase_Student_Login<br>Parameters: {errorMessageType=loginpage.geterrormessage1(), password=, email=, expectedMessage=Both Email and Password are required}</td>
<td></td>
<td>0</td>
<td>technosapeince.testcase.TestCase_Student_Login@644baf4a</td></tr>
<tr>
<td title='technosapeince.testcase.TestCase_Student_Login.TestCase_Student()'><b>TestCase_Student</b><br>Test class: technosapeince.testcase.TestCase_Student_Login<br>Parameters: {errorMessageType=loginpage.geterrormessage(), password=studentpasswod, email=student@student.com, expectedMessage=Invalid credentials}</td>
<td></td>
<td>1</td>
<td>technosapeince.testcase.TestCase_Student_Login@644baf4a</td></tr>
<tr>
<td title='technosapeince.testcase.TestCase_Student_Login.TestCase_Student()'><b>TestCase_Student</b><br>Test class: technosapeince.testcase.TestCase_Student_Login<br>Parameters: {errorMessageType=loginpage.geterrormessage(), password=<script>alert('XSS')</script>, email=student@student.com, expectedMessage=Invalid credentials}</td>
<td></td>
<td>0</td>
<td>technosapeince.testcase.TestCase_Student_Login@644baf4a</td></tr>
<tr>
<td title='technosapeince.testcase.TestCase_Student_Login.TestCase_Student()'><b>TestCase_Student</b><br>Test class: technosapeince.testcase.TestCase_Student_Login<br>Parameters: {errorMessageType=loginpage.geterrormessage2(), password=                    , email=              , expectedMessage=Please enter a valid Email address}</td>
<td></td>
<td>1</td>
<td>technosapeince.testcase.TestCase_Student_Login@644baf4a</td></tr>
<tr>
<td title='technosapeince.testcase.TestCase_Student_Login.TestCase_Student()'><b>TestCase_Student</b><br>Test class: technosapeince.testcase.TestCase_Student_Login<br>Parameters: {errorMessageType=loginpage.geterrormessage4(), password=studentpassword, email=student@student.com, expectedMessage=Signin Success. Your free trial period has ended}</td>
<td></td>
<td>1</td>
<td>technosapeince.testcase.TestCase_Student_Login@644baf4a</td></tr>
<tr>
<td title='technosapeince.testcase.TestCase_Student_Login.TestCase_Student()'><b>TestCase_Student</b><br>Test class: technosapeince.testcase.TestCase_Student_Login<br>Parameters: {errorMessageType=loginpage.geterrormessage(), password=studentpassword, email=educator@student.com, expectedMessage=Invalid credentials}</td>
<td></td>
<td>1</td>
<td>technosapeince.testcase.TestCase_Student_Login@644baf4a</td></tr>
</table><p>
<table width='100%' border='1' class='invocation-skipped'>
<tr><td colspan='4' align='center'><b>SKIPPED TESTS</b></td></tr>
<tr><td><b>Test method</b></td>
<td><b>Attribute(s)</b></td>
<td width="30%"><b>Exception</b></td>
<td width="10%"><b>Time (seconds)</b></td>
<td><b>Instance</b></td>
</tr>
<tr>
<td title='technosapeince.testcase.TestCase_Student_Login.TestCase_Student()'><b>TestCase_Student</b><br>Test class: technosapeince.testcase.TestCase_Student_Login<br>Parameters: {errorMessageType=loginpage.geterrormessage(), password=<script>alert('XSS')</script>, email=student@student.com, expectedMessage=Invalid credentials}</td>
<td><div><pre>org.openqa.selenium.TimeoutException: Expected condition failed: waiting for visibility of Proxy element for: DefaultElementLocator &apos;By.cssSelector: .SnackbarItem-message&apos; (tried for 10 second(s) with 500 milliseconds interval)
	at org.openqa.selenium.support.ui.WebDriverWait.timeoutException(WebDriverWait.java:84)
	at org.openqa.selenium.support.ui.FluentWait.until(FluentWait.java:228)
	at technosapeince.AbstractComponents.AbstractComponents.waitWebElementToAppear(AbstractComponents.java:61)
	at technosapeince.pageobjects.LoginPage.geterrormessage(LoginPage.java:70)
	at technosapeince.testcase.TestCase_Student_Login.TestCase_Student(TestCase_Student_Login.java:31)
	at java.base/java.util.ArrayList.forEach(ArrayList.java:1511)
	at java.base/java.util.concurrent.FutureTask.run(FutureTask.java:264)
	at java.base/java.util.concurrent.ThreadPoolExecutor.runWorker(ThreadPoolExecutor.java:1136)
	at java.base/java.util.concurrent.ThreadPoolExecutor$Worker.run(ThreadPoolExecutor.java:635)
	at java.base/java.lang.Thread.run(Thread.java:840)
Caused by: org.openqa.selenium.NoSuchElementException: no such element: Unable to locate element: {&quot;method&quot;:&quot;css selector&quot;,&quot;selector&quot;:&quot;.SnackbarItem-message&quot;}
  (Session info: chrome=127.0.6533.89)
For documentation on this error, please visit: https://www.selenium.dev/documentation/webdriver/troubleshooting/errors#no-such-element-exception
Build info: version: &apos;4.23.0&apos;, revision: &apos;4df0a231af&apos;
System info: os.name: &apos;Windows 11&apos;, os.arch: &apos;amd64&apos;, os.version: &apos;10.0&apos;, java.version: &apos;17.0.9&apos;
Driver info: org.openqa.selenium.chrome.ChromeDriver
Command: [3e27f2c1060aa80ee8b151c0ba4103dc, findElement {value=.SnackbarItem-message, using=css selector}]
Capabilities {acceptInsecureCerts: false, browserName: chrome, browserVersion: 127.0.6533.89, chrome: {chromedriverVersion: 127.0.6533.88 (a2d0cb026721..., userDataDir: C:\Users\HP\AppData\Local\T...}, fedcm:accounts: true, goog:chromeOptions: {debuggerAddress: localhost:53227}, networkConnectionEnabled: false, pageLoadStrategy: normal, platformName: windows, proxy: Proxy(), se:cdp: ws://localhost:53227/devtoo..., se:cdpVersion: 127.0.6533.89, setWindowRect: true, strictFileInteractability: false, timeouts: {implicit: 0, pageLoad: 300000, script: 30000}, unhandledPromptBehavior: dismiss and notify, webauthn:extension:credBlob: true, webauthn:extension:largeBlob: true, webauthn:extension:minPinLength: true, webauthn:extension:prf: true, webauthn:virtualAuthenticators: true}
Session ID: 3e27f2c1060aa80ee8b151c0ba4103dc
	at org.openqa.selenium.remote.ErrorCodec.decode(ErrorCodec.java:167)
	at org.openqa.selenium.remote.codec.w3c.W3CHttpResponseCodec.decode(W3CHttpResponseCodec.java:138)
	at org.openqa.selenium.remote.codec.w3c.W3CHttpResponseCodec.decode(W3CHttpResponseCodec.java:50)
	at org.openqa.selenium.remote.HttpCommandExecutor.execute(HttpCommandExecutor.java:190)
	at org.openqa.selenium.remote.service.DriverCommandExecutor.invokeExecute(DriverCommandExecutor.java:216)
	at org.openqa.selenium.remote.service.DriverCommandExecutor.execute(DriverCommandExecutor.java:174)
	at org.openqa.selenium.remote.RemoteWebDriver.execute(RemoteWebDriver.java:527)
	at org.openqa.selenium.remote.ElementLocation$ElementFinder$2.findElement(ElementLocation.java:165)
	at org.openqa.selenium.remote.ElementLocation.findElement(ElementLocation.java:59)
	at org.openqa.selenium.remote.RemoteWebDriver.findElement(RemoteWebDriver.java:357)
	at org.openqa.selenium.remote.RemoteWebDriver.findElement(RemoteWebDriver.java:351)
	at org.openqa.selenium.support.pagefactory.DefaultElementLocator.findElement(DefaultElementLocator.java:68)
	at org.openqa.selenium.support.pagefactory.internal.LocatingElementHandler.invoke(LocatingElementHandler.java:38)
	at jdk.proxy2/jdk.proxy2.$Proxy14.isDisplayed(Unknown Source)
	at org.openqa.selenium.support.ui.ExpectedConditions.elementIfVisible(ExpectedConditions.java:304)
	at org.openqa.selenium.support.ui.ExpectedConditions$10.apply(ExpectedConditions.java:290)
	at org.openqa.selenium.support.ui.ExpectedConditions$10.apply(ExpectedConditions.java:287)
	at org.openqa.selenium.support.ui.FluentWait.until(FluentWait.java:203)
	... 25 more
... Removed 22 stack frames</pre></div><a href='#' onClick='toggleBox("stack-trace2106045820", this, "Click to show all stack frames", "Click to hide stack frames")'>Click to show all stack frames</a>
<div class='stack-trace' id='stack-trace2106045820'><pre>org.openqa.selenium.TimeoutException: Expected condition failed: waiting for visibility of Proxy element for: DefaultElementLocator &apos;By.cssSelector: .SnackbarItem-message&apos; (tried for 10 second(s) with 500 milliseconds interval)
	at org.openqa.selenium.support.ui.WebDriverWait.timeoutException(WebDriverWait.java:84)
	at org.openqa.selenium.support.ui.FluentWait.until(FluentWait.java:228)
	at technosapeince.AbstractComponents.AbstractComponents.waitWebElementToAppear(AbstractComponents.java:61)
	at technosapeince.pageobjects.LoginPage.geterrormessage(LoginPage.java:70)
	at technosapeince.testcase.TestCase_Student_Login.TestCase_Student(TestCase_Student_Login.java:31)
	at java.base/jdk.internal.reflect.NativeMethodAccessorImpl.invoke0(Native Method)
	at java.base/jdk.internal.reflect.NativeMethodAccessorImpl.invoke(NativeMethodAccessorImpl.java:77)
	at java.base/jdk.internal.reflect.DelegatingMethodAccessorImpl.invoke(DelegatingMethodAccessorImpl.java:43)
	at java.base/java.lang.reflect.Method.invoke(Method.java:568)
	at org.testng.internal.invokers.MethodInvocationHelper.invokeMethod(MethodInvocationHelper.java:139)
	at org.testng.internal.invokers.TestInvoker.invokeMethod(TestInvoker.java:664)
	at org.testng.internal.invokers.TestInvoker.invokeTestMethod(TestInvoker.java:227)
	at org.testng.internal.invokers.MethodRunner.runInSequence(MethodRunner.java:50)
	at org.testng.internal.invokers.TestInvoker$MethodInvocationAgent.invoke(TestInvoker.java:957)
	at org.testng.internal.invokers.TestInvoker.invokeTestMethods(TestInvoker.java:200)
	at org.testng.internal.invokers.TestMethodWorker.invokeTestMethods(TestMethodWorker.java:148)
	at org.testng.internal.invokers.TestMethodWorker.run(TestMethodWorker.java:128)
	at java.base/java.util.ArrayList.forEach(ArrayList.java:1511)
	at org.testng.TestRunner.privateRun(TestRunner.java:848)
	at org.testng.TestRunner.run(TestRunner.java:621)
	at org.testng.SuiteRunner.runTest(SuiteRunner.java:443)
	at org.testng.SuiteRunner$SuiteWorker.run(SuiteRunner.java:481)
	at org.testng.internal.thread.ThreadUtil.lambda$execute$0(ThreadUtil.java:58)
	at java.base/java.util.concurrent.FutureTask.run(FutureTask.java:264)
	at java.base/java.util.concurrent.ThreadPoolExecutor.runWorker(ThreadPoolExecutor.java:1136)
	at java.base/java.util.concurrent.ThreadPoolExecutor$Worker.run(ThreadPoolExecutor.java:635)
	at java.base/java.lang.Thread.run(Thread.java:840)
Caused by: org.openqa.selenium.NoSuchElementException: no such element: Unable to locate element: {&quot;method&quot;:&quot;css selector&quot;,&quot;selector&quot;:&quot;.SnackbarItem-message&quot;}
  (Session info: chrome=127.0.6533.89)
For documentation on this error, please visit: https://www.selenium.dev/documentation/webdriver/troubleshooting/errors#no-such-element-exception
Build info: version: &apos;4.23.0&apos;, revision: &apos;4df0a231af&apos;
System info: os.name: &apos;Windows 11&apos;, os.arch: &apos;amd64&apos;, os.version: &apos;10.0&apos;, java.version: &apos;17.0.9&apos;
Driver info: org.openqa.selenium.chrome.ChromeDriver
Command: [3e27f2c1060aa80ee8b151c0ba4103dc, findElement {value=.SnackbarItem-message, using=css selector}]
Capabilities {acceptInsecureCerts: false, browserName: chrome, browserVersion: 127.0.6533.89, chrome: {chromedriverVersion: 127.0.6533.88 (a2d0cb026721..., userDataDir: C:\Users\HP\AppData\Local\T...}, fedcm:accounts: true, goog:chromeOptions: {debuggerAddress: localhost:53227}, networkConnectionEnabled: false, pageLoadStrategy: normal, platformName: windows, proxy: Proxy(), se:cdp: ws://localhost:53227/devtoo..., se:cdpVersion: 127.0.6533.89, setWindowRect: true, strictFileInteractability: false, timeouts: {implicit: 0, pageLoad: 300000, script: 30000}, unhandledPromptBehavior: dismiss and notify, webauthn:extension:credBlob: true, webauthn:extension:largeBlob: true, webauthn:extension:minPinLength: true, webauthn:extension:prf: true, webauthn:virtualAuthenticators: true}
Session ID: 3e27f2c1060aa80ee8b151c0ba4103dc
	at java.base/jdk.internal.reflect.NativeConstructorAccessorImpl.newInstance0(Native Method)
	at java.base/jdk.internal.reflect.NativeConstructorAccessorImpl.newInstance(NativeConstructorAccessorImpl.java:77)
	at java.base/jdk.internal.reflect.DelegatingConstructorAccessorImpl.newInstance(DelegatingConstructorAccessorImpl.java:45)
	at java.base/java.lang.reflect.Constructor.newInstanceWithCaller(Constructor.java:499)
	at java.base/java.lang.reflect.Constructor.newInstance(Constructor.java:480)
	at org.openqa.selenium.remote.ErrorCodec.decode(ErrorCodec.java:167)
	at org.openqa.selenium.remote.codec.w3c.W3CHttpResponseCodec.decode(W3CHttpResponseCodec.java:138)
	at org.openqa.selenium.remote.codec.w3c.W3CHttpResponseCodec.decode(W3CHttpResponseCodec.java:50)
	at org.openqa.selenium.remote.HttpCommandExecutor.execute(HttpCommandExecutor.java:190)
	at org.openqa.selenium.remote.service.DriverCommandExecutor.invokeExecute(DriverCommandExecutor.java:216)
	at org.openqa.selenium.remote.service.DriverCommandExecutor.execute(DriverCommandExecutor.java:174)
	at org.openqa.selenium.remote.RemoteWebDriver.execute(RemoteWebDriver.java:527)
	at org.openqa.selenium.remote.ElementLocation$ElementFinder$2.findElement(ElementLocation.java:165)
	at org.openqa.selenium.remote.ElementLocation.findElement(ElementLocation.java:59)
	at org.openqa.selenium.remote.RemoteWebDriver.findElement(RemoteWebDriver.java:357)
	at org.openqa.selenium.remote.RemoteWebDriver.findElement(RemoteWebDriver.java:351)
	at org.openqa.selenium.support.pagefactory.DefaultElementLocator.findElement(DefaultElementLocator.java:68)
	at org.openqa.selenium.support.pagefactory.internal.LocatingElementHandler.invoke(LocatingElementHandler.java:38)
	at jdk.proxy2/jdk.proxy2.$Proxy14.isDisplayed(Unknown Source)
	at org.openqa.selenium.support.ui.ExpectedConditions.elementIfVisible(ExpectedConditions.java:304)
	at org.openqa.selenium.support.ui.ExpectedConditions$10.apply(ExpectedConditions.java:290)
	at org.openqa.selenium.support.ui.ExpectedConditions$10.apply(ExpectedConditions.java:287)
	at org.openqa.selenium.support.ui.FluentWait.until(FluentWait.java:203)
	... 25 more
</pre></div></td>
<td>21</td>
<td>technosapeince.testcase.TestCase_Student_Login@644baf4a</td></tr>
</table><p>
</body>
</html>