<?xml version="1.0" encoding="UTF-8"?>
<!-- Generated by org.testng.reporters.JUnitXMLReporter -->
<testsuite ignored="0" hostname="SUFIYAN" failures="3" tests="16" name="TC_StudentLogin" time="67.067" errors="0" timestamp="2024-07-30T11:52:17 IST">
  <testcase classname="technosapeince.testcase.TestCase_Student_Login" name="TestCase_Student" time="1.497"/>
  <testcase classname="technosapeince.testcase.TestCase_Student_Login" name="TestCase_Student" time="1.998"/>
  <testcase classname="technosapeince.testcase.TestCase_Student_Login" name="TestCase_Student" time="1.797"/>
  <testcase classname="technosapeince.testcase.TestCase_Student_Login" name="TestCase_Student" time="1.971"/>
  <testcase classname="technosapeince.testcase.TestCase_Student_Login" name="TestCase_Student" time="2.984"/>
  <testcase classname="technosapeince.testcase.TestCase_Student_Login" name="TestCase_Student" time="0.898"/>
  <testcase classname="technosapeince.testcase.TestCase_Student_Login" name="TestCase_Student" time="1.116"/>
  <testcase classname="technosapeince.testcase.TestCase_Student_Login" name="TestCase_Student" time="1.218"/>
  <testcase classname="technosapeince.testcase.TestCase_Student_Login" name="TestCase_Student" time="1.793"/>
  <testcase classname="technosapeince.testcase.TestCase_Student_Login" name="TestCase_Student" time="1.986"/>
  <testcase classname="technosapeince.testcase.TestCase_Student_Login" name="TestCase_Student" time="1.451">
    <skipped/>
  </testcase> <!-- TestCase_Student -->
  <testcase classname="technosapeince.testcase.TestCase_Student_Login" name="TestCase_Student" time="1.244">
    <failure type="java.lang.AssertionError" message="expected [Please  a valid Email address] but found [Please enter a valid Email address]">
      <![CDATA[java.lang.AssertionError: expected [Please  a valid Email address] but found [Please enter a valid Email address]
at technosapeince.testcase.TestCase_Student_Login.TestCase_Student(TestCase_Student_Login.java:43)
at java.base/java.util.ArrayList.forEach(ArrayList.java:1511)
at java.base/java.util.concurrent.FutureTask.run(FutureTask.java:264)
at java.base/java.util.concurrent.ThreadPoolExecutor.runWorker(ThreadPoolExecutor.java:1136)
at java.base/java.util.concurrent.ThreadPoolExecutor$Worker.run(ThreadPoolExecutor.java:635)
at java.base/java.lang.Thread.run(Thread.java:840)
... Removed 23 stack frames]]>
    </failure>
  </testcase> <!-- TestCase_Student -->
  <testcase classname="technosapeince.testcase.TestCase_Student_Login" name="TestCase_Student" time="1.615">
    <skipped/>
  </testcase> <!-- TestCase_Student -->
  <testcase classname="technosapeince.testcase.TestCase_Student_Login" name="TestCase_Student" time="1.48">
    <failure type="java.lang.AssertionError" message="expected [Please  a valid Email address] but found [Please enter a valid Email address]">
      <![CDATA[java.lang.AssertionError: expected [Please  a valid Email address] but found [Please enter a valid Email address]
at technosapeince.testcase.TestCase_Student_Login.TestCase_Student(TestCase_Student_Login.java:43)
at java.base/java.util.ArrayList.forEach(ArrayList.java:1511)
at java.base/java.util.concurrent.FutureTask.run(FutureTask.java:264)
at java.base/java.util.concurrent.ThreadPoolExecutor.runWorker(ThreadPoolExecutor.java:1136)
at java.base/java.util.concurrent.ThreadPoolExecutor$Worker.run(ThreadPoolExecutor.java:635)
at java.base/java.lang.Thread.run(Thread.java:840)
... Removed 23 stack frames]]>
    </failure>
  </testcase> <!-- TestCase_Student -->
  <testcase classname="technosapeince.testcase.TestCase_Student_Login" name="TestCase_Student" time="0.881">
    <skipped/>
  </testcase> <!-- TestCase_Student -->
  <testcase classname="technosapeince.testcase.TestCase_Student_Login" name="TestCase_Student" time="1.065">
    <failure type="java.lang.AssertionError" message="expected [Please  a valid Email address] but found [Please enter a valid Email address]">
      <![CDATA[java.lang.AssertionError: expected [Please  a valid Email address] but found [Please enter a valid Email address]
at technosapeince.testcase.TestCase_Student_Login.TestCase_Student(TestCase_Student_Login.java:43)
at java.base/java.util.ArrayList.forEach(ArrayList.java:1511)
at java.base/java.util.concurrent.FutureTask.run(FutureTask.java:264)
at java.base/java.util.concurrent.ThreadPoolExecutor.runWorker(ThreadPoolExecutor.java:1136)
at java.base/java.util.concurrent.ThreadPoolExecutor$Worker.run(ThreadPoolExecutor.java:635)
at java.base/java.lang.Thread.run(Thread.java:840)
... Removed 23 stack frames]]>
    </failure>
  </testcase> <!-- TestCase_Student -->
</testsuite> <!-- TC_StudentLogin -->
